<?xml version="1.0" encoding="UTF-8"?>
<!-- Generated by org.testng.reporters.JUnitReportReporter -->
<testsuite hostname="Deepak" failures="1" tests="1" name="cucumber.TestNGTestRunner" time="23.548" errors="0" timestamp="2025-02-20T16:50:42 IST" skipped="0">
  <testcase classname="cucumber.TestNGTestRunner" name="runScenario" time="23.548">
    <failure message="expected [true] but found [false]" type="java.lang.AssertionError">
      <![CDATA[java.lang.AssertionError: expected [true] but found [false]
at org.testng.Assert.fail(Assert.java:111)
at org.testng.Assert.failNotEquals(Assert.java:1578)
at org.testng.Assert.assertTrue(Assert.java:57)
at org.testng.Assert.assertTrue(Assert.java:67)
at stepDefinition.StepDefinition.checkout_the_product_and_submit_the_order(StepDefinition.java:46)
at âœ½.checkout the product Sauce Labs Fleece Jacket Deepak Bohara 411 and submit the order(file:///C:/Users/bhaktadeepak/Desktop/E-CommerceAutomation/src/test/java/cucumber/SubmitOrder.feature:13)
]]>
    </failure>
  </testcase> <!-- runScenario -->
</testsuite> <!-- cucumber.TestNGTestRunner -->
